-DEBUG-2019/08/28 10:57:51,064-com.wendao.service.impl.UserServiceImpl.checkUserLoginServcie(UserServiceImpl.java:26)-26-jkj发起登录请求
-DEBUG-2019/08/28 10:57:51,293-com.wendao.service.impl.UserServiceImpl.checkUserLoginServcie(UserServiceImpl.java:32)-32-jkj登录失败
-DEBUG-2019/08/28 11:22:24,419-com.wendao.service.impl.UserServiceImpl.checkUserLoginServcie(UserServiceImpl.java:26)-26-发起登录请求
-DEBUG-2019/08/28 11:22:24,724-com.wendao.service.impl.UserServiceImpl.checkUserLoginServcie(UserServiceImpl.java:32)-32-登录失败
-DEBUG-2019/08/28 11:22:36,758-com.wendao.service.impl.UserServiceImpl.checkUserLoginServcie(UserServiceImpl.java:26)-26-张三发起登录请求
-DEBUG-2019/08/28 11:22:36,776-com.wendao.service.impl.UserServiceImpl.checkUserLoginServcie(UserServiceImpl.java:30)-30-张三登录成功
-DEBUG-2019/08/28 11:23:11,318-com.wendao.service.impl.UserServiceImpl.checkUserLoginServcie(UserServiceImpl.java:26)-26-张三发起登录请求
-DEBUG-2019/08/28 11:23:11,626-com.wendao.service.impl.UserServiceImpl.checkUserLoginServcie(UserServiceImpl.java:30)-30-张三登录成功
-DEBUG-2019/08/28 11:35:50,324-com.wendao.service.impl.UserServiceImpl.checkUserLoginServcie(UserServiceImpl.java:26)-26-张三发起登录请求
-DEBUG-2019/08/28 11:35:50,547-com.wendao.service.impl.UserServiceImpl.checkUserLoginServcie(UserServiceImpl.java:30)-30-张三登录成功
-DEBUG-2019/08/28 13:46:31,183-com.wendao.service.impl.UserServiceImpl.checkUserLoginServcie(UserServiceImpl.java:26)-26-张三发起登录请求
-DEBUG-2019/08/28 13:46:31,425-com.wendao.service.impl.UserServiceImpl.checkUserLoginServcie(UserServiceImpl.java:30)-30-张三登录成功
-DEBUG-2019/08/28 14:00:04,850-com.wendao.service.impl.UserServiceImpl.checkUserLoginServcie(UserServiceImpl.java:26)-26-张三发起登录请求
-DEBUG-2019/08/28 14:00:04,859-com.wendao.service.impl.UserServiceImpl.checkUserLoginServcie(UserServiceImpl.java:30)-30-张三登录成功
-DEBUG-2019/08/28 14:14:49,420-com.wendao.service.impl.UserServiceImpl.checkUserLoginService(UserServiceImpl.java:26)-26-张三发起登录请求
-DEBUG-2019/08/28 14:14:49,632-com.wendao.service.impl.UserServiceImpl.checkUserLoginService(UserServiceImpl.java:30)-30-张三登录成功
-DEBUG-2019/08/28 14:16:59,393-com.wendao.service.impl.UserServiceImpl.checkUserLoginService(UserServiceImpl.java:26)-26-张三发起登录请求
-DEBUG-2019/08/28 14:16:59,404-com.wendao.service.impl.UserServiceImpl.checkUserLoginService(UserServiceImpl.java:30)-30-张三登录成功
-DEBUG-2019/08/28 14:18:11,872-com.wendao.service.impl.UserServiceImpl.checkUserLoginService(UserServiceImpl.java:26)-26-张三发起登录请求
-DEBUG-2019/08/28 14:18:11,882-com.wendao.service.impl.UserServiceImpl.checkUserLoginService(UserServiceImpl.java:30)-30-张三登录成功
-DEBUG-2019/08/28 14:29:28,364-com.wendao.service.impl.UserServiceImpl.checkUserLoginService(UserServiceImpl.java:26)-26-jk发起登录请求
-DEBUG-2019/08/28 14:29:28,649-com.wendao.service.impl.UserServiceImpl.checkUserLoginService(UserServiceImpl.java:32)-32-jk登录失败
-DEBUG-2019/08/28 14:33:18,336-com.wendao.service.impl.UserServiceImpl.checkUserLoginService(UserServiceImpl.java:26)-26-jk发起登录请求
-DEBUG-2019/08/28 14:33:18,347-com.wendao.service.impl.UserServiceImpl.checkUserLoginService(UserServiceImpl.java:32)-32-jk登录失败
-DEBUG-2019/08/28 14:33:26,112-com.wendao.servlet.UserServlet.service(UserServlet.java:56)-56-没有找到对应的操作符：null
-DEBUG-2019/08/28 14:33:42,688-com.wendao.service.impl.UserServiceImpl.checkUserLoginService(UserServiceImpl.java:26)-26-jkjk发起登录请求
-DEBUG-2019/08/28 14:33:42,697-com.wendao.service.impl.UserServiceImpl.checkUserLoginService(UserServiceImpl.java:32)-32-jkjk登录失败
-DEBUG-2019/08/28 14:34:59,720-com.wendao.service.impl.UserServiceImpl.checkUserLoginService(UserServiceImpl.java:26)-26-jkjk发起登录请求
-DEBUG-2019/08/28 14:34:59,728-com.wendao.service.impl.UserServiceImpl.checkUserLoginService(UserServiceImpl.java:32)-32-jkjk登录失败
-DEBUG-2019/08/28 14:37:58,666-com.wendao.service.impl.UserServiceImpl.checkUserLoginService(UserServiceImpl.java:26)-26-jkjk发起登录请求
-DEBUG-2019/08/28 14:37:58,959-com.wendao.service.impl.UserServiceImpl.checkUserLoginService(UserServiceImpl.java:32)-32-jkjk登录失败
-DEBUG-2019/08/28 14:38:13,191-com.wendao.service.impl.UserServiceImpl.checkUserLoginService(UserServiceImpl.java:26)-26-jkjk发起登录请求
-DEBUG-2019/08/28 14:38:13,202-com.wendao.service.impl.UserServiceImpl.checkUserLoginService(UserServiceImpl.java:32)-32-jkjk登录失败
-DEBUG-2019/08/28 14:39:14,555-com.wendao.service.impl.UserServiceImpl.checkUserLoginService(UserServiceImpl.java:26)-26-kjk发起登录请求
-DEBUG-2019/08/28 14:39:14,850-com.wendao.service.impl.UserServiceImpl.checkUserLoginService(UserServiceImpl.java:32)-32-kjk登录失败
-DEBUG-2019/08/28 14:42:08,377-com.wendao.service.impl.UserServiceImpl.checkUserLoginService(UserServiceImpl.java:26)-26-jkj发起登录请求
-DEBUG-2019/08/28 14:42:08,592-com.wendao.service.impl.UserServiceImpl.checkUserLoginService(UserServiceImpl.java:32)-32-jkj登录失败
-DEBUG-2019/08/28 15:00:44,005-com.wendao.service.impl.UserServiceImpl.checkUserLoginService(UserServiceImpl.java:26)-26-jkj发起登录请求
-DEBUG-2019/08/28 15:00:44,015-com.wendao.service.impl.UserServiceImpl.checkUserLoginService(UserServiceImpl.java:32)-32-jkj登录失败
-DEBUG-2019/08/28 15:01:13,054-com.wendao.service.impl.UserServiceImpl.checkUserLoginService(UserServiceImpl.java:26)-26-jkj发起登录请求
-DEBUG-2019/08/28 15:01:13,290-com.wendao.service.impl.UserServiceImpl.checkUserLoginService(UserServiceImpl.java:32)-32-jkj登录失败
-DEBUG-2019/08/28 15:01:23,025-com.wendao.service.impl.UserServiceImpl.checkUserLoginService(UserServiceImpl.java:26)-26-张三发起登录请求
-DEBUG-2019/08/28 15:01:23,099-com.wendao.service.impl.UserServiceImpl.checkUserLoginService(UserServiceImpl.java:30)-30-张三登录成功
-DEBUG-2019/08/28 15:41:34,336-com.wendao.service.impl.UserServiceImpl.checkUserLoginService(UserServiceImpl.java:26)-26-jkj发起登录请求
-DEBUG-2019/08/28 15:41:34,344-com.wendao.service.impl.UserServiceImpl.checkUserLoginService(UserServiceImpl.java:32)-32-jkj登录失败
-DEBUG-2019/08/28 15:41:51,976-com.wendao.service.impl.UserServiceImpl.checkUserLoginService(UserServiceImpl.java:26)-26-张三发起登录请求
-DEBUG-2019/08/28 15:41:51,982-com.wendao.service.impl.UserServiceImpl.checkUserLoginService(UserServiceImpl.java:30)-30-张三登录成功
-DEBUG-2019/08/28 15:45:37,108-com.wendao.service.impl.UserServiceImpl.checkUserLoginService(UserServiceImpl.java:26)-26-jkj发起登录请求
-DEBUG-2019/08/28 15:45:37,116-com.wendao.service.impl.UserServiceImpl.checkUserLoginService(UserServiceImpl.java:32)-32-jkj登录失败
-DEBUG-2019/08/28 15:45:49,377-com.wendao.service.impl.UserServiceImpl.checkUserLoginService(UserServiceImpl.java:26)-26-张三发起登录请求
-DEBUG-2019/08/28 15:45:49,382-com.wendao.service.impl.UserServiceImpl.checkUserLoginService(UserServiceImpl.java:30)-30-张三登录成功
-DEBUG-2019/08/28 16:28:01,163-com.wendao.service.impl.UserServiceImpl.checkUserLoginService(UserServiceImpl.java:26)-26-张三发起登录请求
-DEBUG-2019/08/28 16:28:01,472-com.wendao.service.impl.UserServiceImpl.checkUserLoginService(UserServiceImpl.java:30)-30-张三登录成功
-DEBUG-2019/08/29 09:41:37,487-com.wendao.service.impl.UserServiceImpl.checkUserLoginService(UserServiceImpl.java:26)-26-张三发起登录请求
-DEBUG-2019/08/29 09:41:37,771-com.wendao.service.impl.UserServiceImpl.checkUserLoginService(UserServiceImpl.java:30)-30-张三登录成功
-DEBUG-2019/08/29 10:53:32,306-com.wendao.service.impl.UserServiceImpl.checkUserLoginService(UserServiceImpl.java:26)-26-张三发起登录请求
-DEBUG-2019/08/29 10:53:32,317-com.wendao.service.impl.UserServiceImpl.checkUserLoginService(UserServiceImpl.java:30)-30-张三登录成功
-DEBUG-2019/08/29 10:53:51,961-com.wendao.servlet.UserServlet.service(UserServlet.java:61)-61-没有找到对应的操作符：null
-DEBUG-2019/08/29 11:04:43,359-com.wendao.service.impl.UserServiceImpl.checkUserLoginService(UserServiceImpl.java:26)-26-张三发起登录请求
-DEBUG-2019/08/29 11:04:43,592-com.wendao.service.impl.UserServiceImpl.checkUserLoginService(UserServiceImpl.java:30)-30-张三登录成功
-DEBUG-2019/08/29 11:06:12,391-com.wendao.servlet.UserServlet.service(UserServlet.java:65)-65-没有找到对应的操作符：null
-DEBUG-2019/08/29 11:06:30,387-com.wendao.servlet.UserServlet.service(UserServlet.java:65)-65-没有找到对应的操作符：null
-DEBUG-2019/08/29 11:45:57,784-com.wendao.service.impl.UserServiceImpl.checkUserLoginService(UserServiceImpl.java:26)-26-张三发起登录请求
-DEBUG-2019/08/29 11:45:58,024-com.wendao.service.impl.UserServiceImpl.checkUserLoginService(UserServiceImpl.java:30)-30-张三登录成功
-DEBUG-2019/08/29 11:46:12,030-com.wendao.service.impl.UserServiceImpl.userChangePwdService(UserServiceImpl.java:41)-41-1:发起修改密码请求
-DEBUG-2019/08/29 11:46:12,113-com.wendao.service.impl.UserServiceImpl.userChangePwdService(UserServiceImpl.java:45)-45-1:密码修改成功
-DEBUG-2019/08/29 11:54:59,359-com.wendao.service.impl.UserServiceImpl.checkUserLoginService(UserServiceImpl.java:26)-26-张三发起登录请求
-DEBUG-2019/08/29 11:54:59,638-com.wendao.service.impl.UserServiceImpl.checkUserLoginService(UserServiceImpl.java:32)-32-张三登录失败
-DEBUG-2019/08/29 11:55:06,827-com.wendao.service.impl.UserServiceImpl.checkUserLoginService(UserServiceImpl.java:26)-26-张三发起登录请求
-DEBUG-2019/08/29 11:55:06,844-com.wendao.service.impl.UserServiceImpl.checkUserLoginService(UserServiceImpl.java:30)-30-张三登录成功
-DEBUG-2019/08/29 11:55:14,641-com.wendao.service.impl.UserServiceImpl.userChangePwdService(UserServiceImpl.java:41)-41-1:发起修改密码请求
-DEBUG-2019/08/29 11:55:14,695-com.wendao.service.impl.UserServiceImpl.userChangePwdService(UserServiceImpl.java:45)-45-1:密码修改成功
-DEBUG-2019/08/29 11:58:33,353-com.wendao.service.impl.UserServiceImpl.checkUserLoginService(UserServiceImpl.java:26)-26-张三发起登录请求
-DEBUG-2019/08/29 11:58:33,361-com.wendao.service.impl.UserServiceImpl.checkUserLoginService(UserServiceImpl.java:30)-30-张三登录成功
-DEBUG-2019/08/29 11:58:40,826-com.wendao.service.impl.UserServiceImpl.userChangePwdService(UserServiceImpl.java:41)-41-1:发起修改密码请求
-DEBUG-2019/08/29 11:58:40,835-com.wendao.service.impl.UserServiceImpl.userChangePwdService(UserServiceImpl.java:45)-45-1:密码修改成功
-DEBUG-2019/08/29 12:11:17,472-com.wendao.service.impl.UserServiceImpl.checkUserLoginService(UserServiceImpl.java:26)-26-张三发起登录请求
-DEBUG-2019/08/29 12:11:17,716-com.wendao.service.impl.UserServiceImpl.checkUserLoginService(UserServiceImpl.java:30)-30-张三登录成功
-DEBUG-2019/08/29 12:11:29,006-com.wendao.service.impl.UserServiceImpl.userChangePwdService(UserServiceImpl.java:41)-41-1:发起修改密码请求
-DEBUG-2019/08/29 12:11:29,019-com.wendao.service.impl.UserServiceImpl.userChangePwdService(UserServiceImpl.java:45)-45-1:密码修改成功
-DEBUG-2019/08/29 12:21:39,273-com.wendao.service.impl.UserServiceImpl.checkUserLoginService(UserServiceImpl.java:26)-26-张三发起登录请求
-DEBUG-2019/08/29 12:21:39,282-com.wendao.service.impl.UserServiceImpl.checkUserLoginService(UserServiceImpl.java:30)-30-张三登录成功
-DEBUG-2019/08/29 12:22:05,971-com.wendao.service.impl.UserServiceImpl.userChangePwdService(UserServiceImpl.java:41)-41-1:发起修改密码请求
-DEBUG-2019/08/29 12:22:05,982-com.wendao.service.impl.UserServiceImpl.userChangePwdService(UserServiceImpl.java:45)-45-1:密码修改成功
-DEBUG-2019/08/29 12:24:34,605-com.wendao.service.impl.UserServiceImpl.checkUserLoginService(UserServiceImpl.java:26)-26-张三发起登录请求
-DEBUG-2019/08/29 12:24:34,612-com.wendao.service.impl.UserServiceImpl.checkUserLoginService(UserServiceImpl.java:30)-30-张三登录成功
-DEBUG-2019/08/29 12:49:28,555-com.wendao.service.impl.UserServiceImpl.checkUserLoginService(UserServiceImpl.java:28)-28-张三发起登录请求
-DEBUG-2019/08/29 12:49:28,850-com.wendao.service.impl.UserServiceImpl.checkUserLoginService(UserServiceImpl.java:32)-32-张三登录成功
-DEBUG-2019/08/29 12:49:32,374-com.wendao.service.impl.UserServiceImpl.userShowService(UserServiceImpl.java:59)-59-显示所有用户信息：[User [uid=1, uname=张三, pwd=1, sex=1, age=19, birth=2000-10-10], User [uid=2, uname=李四, pwd=456, sex=1, age=19, birth=2000-10-10]]
-DEBUG-2019/08/29 13:05:00,129-com.wendao.service.impl.UserServiceImpl.userShowService(UserServiceImpl.java:59)-59-显示所有用户信息：[User [uid=1, uname=张三, pwd=1, sex=1, age=19, birth=2000-10-10], User [uid=2, uname=李四, pwd=456, sex=1, age=19, birth=2000-10-10]]
-DEBUG-2019/08/29 13:06:04,647-com.wendao.service.impl.UserServiceImpl.userShowService(UserServiceImpl.java:59)-59-显示所有用户信息：[User [uid=1, uname=张三, pwd=1, sex=1, age=19, birth=2000-10-10], User [uid=2, uname=李四, pwd=456, sex=1, age=19, birth=2000-10-10]]
-DEBUG-2019/08/29 13:06:45,316-com.wendao.service.impl.UserServiceImpl.userShowService(UserServiceImpl.java:59)-59-显示所有用户信息：[User [uid=1, uname=张三, pwd=1, sex=1, age=19, birth=2000-10-10], User [uid=2, uname=李四, pwd=456, sex=1, age=19, birth=2000-10-10]]
-DEBUG-2019/08/29 14:18:33,217-com.wendao.service.impl.UserServiceImpl.checkUserLoginService(UserServiceImpl.java:28)-28-张三发起登录请求
-DEBUG-2019/08/29 14:18:33,479-com.wendao.service.impl.UserServiceImpl.checkUserLoginService(UserServiceImpl.java:34)-34-张三登录失败
-DEBUG-2019/08/29 14:19:06,925-com.wendao.service.impl.UserServiceImpl.checkUserLoginService(UserServiceImpl.java:28)-28-张三发起登录请求
-DEBUG-2019/08/29 14:19:06,935-com.wendao.service.impl.UserServiceImpl.checkUserLoginService(UserServiceImpl.java:34)-34-张三登录失败
-DEBUG-2019/08/29 14:19:09,237-com.wendao.service.impl.UserServiceImpl.checkUserLoginService(UserServiceImpl.java:28)-28-张三发起登录请求
-DEBUG-2019/08/29 14:19:09,245-com.wendao.service.impl.UserServiceImpl.checkUserLoginService(UserServiceImpl.java:34)-34-张三登录失败
-DEBUG-2019/08/29 14:19:12,210-com.wendao.service.impl.UserServiceImpl.checkUserLoginService(UserServiceImpl.java:28)-28-张三发起登录请求
-DEBUG-2019/08/29 14:19:12,217-com.wendao.service.impl.UserServiceImpl.checkUserLoginService(UserServiceImpl.java:34)-34-张三登录失败
-DEBUG-2019/08/29 14:19:21,979-com.wendao.service.impl.UserServiceImpl.checkUserLoginService(UserServiceImpl.java:28)-28-发起登录请求
-DEBUG-2019/08/29 14:19:21,986-com.wendao.service.impl.UserServiceImpl.checkUserLoginService(UserServiceImpl.java:34)-34-登录失败
-DEBUG-2019/08/29 14:19:34,628-com.wendao.service.impl.UserServiceImpl.checkUserLoginService(UserServiceImpl.java:28)-28-张三发起登录请求
-DEBUG-2019/08/29 14:19:34,641-com.wendao.service.impl.UserServiceImpl.checkUserLoginService(UserServiceImpl.java:32)-32-张三登录成功
-DEBUG-2019/08/29 14:19:41,322-com.wendao.service.impl.UserServiceImpl.userShowService(UserServiceImpl.java:59)-59-显示所有用户信息：[User [uid=1, uname=张三, pwd=1, sex=1, age=19, birth=2000-10-10], User [uid=2, uname=李四, pwd=456, sex=1, age=19, birth=2000-10-10]]
-DEBUG-2019/08/29 14:20:02,050-com.wendao.service.impl.UserServiceImpl.userChangePwdService(UserServiceImpl.java:43)-43-1:发起修改密码请求
-DEBUG-2019/08/29 14:20:02,063-com.wendao.service.impl.UserServiceImpl.userChangePwdService(UserServiceImpl.java:47)-47-1:密码修改成功
-DEBUG-2019/08/29 14:20:10,153-com.wendao.service.impl.UserServiceImpl.checkUserLoginService(UserServiceImpl.java:28)-28-张三发起登录请求
-DEBUG-2019/08/29 14:20:10,161-com.wendao.service.impl.UserServiceImpl.checkUserLoginService(UserServiceImpl.java:32)-32-张三登录成功
-DEBUG-2019/08/29 14:20:12,076-com.wendao.service.impl.UserServiceImpl.userShowService(UserServiceImpl.java:59)-59-显示所有用户信息：[User [uid=1, uname=张三, pwd=123, sex=1, age=19, birth=2000-10-10], User [uid=2, uname=李四, pwd=456, sex=1, age=19, birth=2000-10-10]]
-DEBUG-2019/08/29 14:21:58,543-com.wendao.service.impl.UserServiceImpl.userShowService(UserServiceImpl.java:59)-59-显示所有用户信息：[User [uid=1, uname=张三, pwd=123, sex=1, age=19, birth=2000-10-10], User [uid=2, uname=李四, pwd=456, sex=0, age=19, birth=2000-10-10]]
-DEBUG-2019/08/29 14:24:01,995-com.wendao.service.impl.UserServiceImpl.userShowService(UserServiceImpl.java:59)-59-显示所有用户信息：[User [uid=1, uname=张三, pwd=123, sex=1, age=19, birth=2000-10-10], User [uid=2, uname=李四, pwd=456, sex=0, age=19, birth=2000-10-10]]
-DEBUG-2019/08/29 16:28:00,228-com.wendao.service.impl.UserServiceImpl.checkUserLoginService(UserServiceImpl.java:28)-28-张三发起登录请求
-DEBUG-2019/08/29 16:28:00,237-com.wendao.service.impl.UserServiceImpl.checkUserLoginService(UserServiceImpl.java:32)-32-张三登录成功
-DEBUG-2019/08/29 16:28:03,178-com.wendao.service.impl.UserServiceImpl.userShowService(UserServiceImpl.java:59)-59-显示所有用户信息：[User [uid=1, uname=张三, pwd=123, sex=1, age=19, birth=2000-10-10], User [uid=2, uname=李四, pwd=456, sex=0, age=19, birth=2000-10-10], User [uid=3, uname=王五, pwd=123, sex=1, age=0, birth=1999-02-01], User [uid=4, uname=王五, pwd=123, sex=1, age=0, birth=1999-02-01], User [uid=5, uname=哈哈, pwd=jkjkj, sex=1, age=1, birth=2019-08-29], User [uid=6, uname=撒旦2, pwd=1233, sex=1, age=0, birth=], User [uid=7, uname=撒旦2, pwd=1233, sex=1, age=0, birth=], User [uid=8, uname=撒旦3, pwd=1233, sex=1, age=0, birth=], User [uid=9, uname=撒旦3, pwd=1233, sex=1, age=0, birth=], User [uid=10, uname=撒旦3, pwd=1233, sex=1, age=0, birth=], User [uid=11, uname=撒旦3, pwd=1233, sex=1, age=0, birth=], User [uid=12, uname=撒旦3, pwd=1233, sex=1, age=0, birth=], User [uid=13, uname=撒旦3, pwd=1233, sex=1, age=0, birth=]]
-DEBUG-2019/09/01 16:12:01,348-com.wendao.service.impl.UserServiceImpl.checkUserLoginService(UserServiceImpl.java:28)-28-发起登录请求
-DEBUG-2019/09/01 16:12:01,728-com.wendao.service.impl.UserServiceImpl.checkUserLoginService(UserServiceImpl.java:34)-34-登录失败
-DEBUG-2019/09/01 16:13:06,876-com.wendao.service.impl.UserServiceImpl.checkUserLoginService(UserServiceImpl.java:28)-28-张三发起登录请求
-DEBUG-2019/09/01 16:13:06,887-com.wendao.service.impl.UserServiceImpl.checkUserLoginService(UserServiceImpl.java:32)-32-张三登录成功
-DEBUG-2019/09/01 16:14:21,607-com.wendao.service.impl.UserServiceImpl.checkUserLoginService(UserServiceImpl.java:28)-28-张三发起登录请求
-DEBUG-2019/09/01 16:14:21,897-com.wendao.service.impl.UserServiceImpl.checkUserLoginService(UserServiceImpl.java:32)-32-张三登录成功
-DEBUG-2019/09/01 16:16:40,601-com.wendao.service.impl.UserServiceImpl.checkUserLoginService(UserServiceImpl.java:28)-28-张三发起登录请求
-DEBUG-2019/09/01 16:16:40,825-com.wendao.service.impl.UserServiceImpl.checkUserLoginService(UserServiceImpl.java:32)-32-张三登录成功
-DEBUG-2019/09/01 16:16:47,687-com.wendao.service.impl.UserServiceImpl.userShowService(UserServiceImpl.java:59)-59-显示所有用户信息：[User [uid=1, uname=张三, pwd=123, sex=1, age=19, birth=2000-10-10], User [uid=2, uname=李四, pwd=456, sex=0, age=19, birth=2000-10-10], User [uid=3, uname=王五, pwd=123, sex=1, age=0, birth=1999-02-01], User [uid=4, uname=王五, pwd=123, sex=1, age=0, birth=1999-02-01], User [uid=5, uname=哈哈, pwd=jkjkj, sex=1, age=1, birth=2019-08-29], User [uid=6, uname=撒旦2, pwd=1233, sex=1, age=0, birth=], User [uid=7, uname=撒旦2, pwd=1233, sex=1, age=0, birth=], User [uid=8, uname=撒旦3, pwd=1233, sex=1, age=0, birth=], User [uid=9, uname=撒旦3, pwd=1233, sex=1, age=0, birth=], User [uid=10, uname=撒旦3, pwd=1233, sex=1, age=0, birth=], User [uid=11, uname=撒旦3, pwd=1233, sex=1, age=0, birth=], User [uid=12, uname=撒旦3, pwd=1233, sex=1, age=0, birth=], User [uid=13, uname=撒旦3, pwd=1233, sex=1, age=0, birth=]]
-DEBUG-2019/09/01 16:37:45,042-com.wendao.service.impl.UserServiceImpl.checkUserLoginService(UserServiceImpl.java:28)-28-发起登录请求
-DEBUG-2019/09/01 16:37:45,050-com.wendao.service.impl.UserServiceImpl.checkUserLoginService(UserServiceImpl.java:34)-34-登录失败
-DEBUG-2019/09/01 16:38:30,158-com.wendao.service.impl.UserServiceImpl.checkUserLoginService(UserServiceImpl.java:28)-28-发起登录请求
-DEBUG-2019/09/01 16:38:30,165-com.wendao.service.impl.UserServiceImpl.checkUserLoginService(UserServiceImpl.java:34)-34-登录失败
-DEBUG-2019/09/01 16:38:32,975-com.wendao.service.impl.UserServiceImpl.checkUserLoginService(UserServiceImpl.java:28)-28-发起登录请求
-DEBUG-2019/09/01 16:38:32,981-com.wendao.service.impl.UserServiceImpl.checkUserLoginService(UserServiceImpl.java:34)-34-登录失败
-DEBUG-2019/09/01 16:39:07,371-com.wendao.service.impl.UserServiceImpl.checkUserLoginService(UserServiceImpl.java:28)-28-张三发起登录请求
-DEBUG-2019/09/01 16:39:07,377-com.wendao.service.impl.UserServiceImpl.checkUserLoginService(UserServiceImpl.java:32)-32-张三登录成功
-DEBUG-2019/09/01 16:39:16,488-com.wendao.service.impl.UserServiceImpl.userChangePwdService(UserServiceImpl.java:43)-43-1:发起修改密码请求
-DEBUG-2019/09/01 16:39:16,588-com.wendao.service.impl.UserServiceImpl.userChangePwdService(UserServiceImpl.java:47)-47-1:密码修改成功
-DEBUG-2019/09/02 08:30:25,174-com.wendao.service.impl.UserServiceImpl.checkUserLoginService(UserServiceImpl.java:28)-28-张三发起登录请求
-DEBUG-2019/09/02 08:30:25,492-com.wendao.service.impl.UserServiceImpl.checkUserLoginService(UserServiceImpl.java:32)-32-张三登录成功
-DEBUG-2019/09/02 08:30:37,527-com.wendao.service.impl.UserServiceImpl.userChangePwdService(UserServiceImpl.java:43)-43-1:发起修改密码请求
-DEBUG-2019/09/02 08:30:37,540-com.wendao.service.impl.UserServiceImpl.userChangePwdService(UserServiceImpl.java:47)-47-1:密码修改成功
-DEBUG-2019/09/02 08:33:25,866-com.wendao.service.impl.UserServiceImpl.checkUserLoginService(UserServiceImpl.java:28)-28-张三发起登录请求
-DEBUG-2019/09/02 08:33:25,874-com.wendao.service.impl.UserServiceImpl.checkUserLoginService(UserServiceImpl.java:32)-32-张三登录成功
-DEBUG-2019/09/02 08:33:30,759-com.wendao.service.impl.UserServiceImpl.userChangePwdService(UserServiceImpl.java:43)-43-1:发起修改密码请求
-DEBUG-2019/09/02 08:33:30,769-com.wendao.service.impl.UserServiceImpl.userChangePwdService(UserServiceImpl.java:47)-47-1:密码修改成功
-DEBUG-2019/09/02 08:34:10,865-com.wendao.service.impl.UserServiceImpl.checkUserLoginService(UserServiceImpl.java:28)-28-六六发起登录请求
-DEBUG-2019/09/02 08:34:10,872-com.wendao.service.impl.UserServiceImpl.checkUserLoginService(UserServiceImpl.java:32)-32-六六登录成功
-DEBUG-2019/09/02 08:42:54,413-com.wendao.service.impl.UserServiceImpl.userShowService(UserServiceImpl.java:59)-59-显示所有用户信息：[User [uid=1, uname=张三, pwd=1, sex=1, age=19, birth=2000-10-10], User [uid=2, uname=李四, pwd=456, sex=0, age=19, birth=2000-10-10], User [uid=3, uname=王五, pwd=123, sex=1, age=0, birth=1999-02-01], User [uid=4, uname=王五, pwd=123, sex=1, age=0, birth=1999-02-01], User [uid=5, uname=哈哈, pwd=jkjkj, sex=1, age=1, birth=2019-08-29], User [uid=6, uname=撒旦2, pwd=1233, sex=1, age=0, birth=], User [uid=7, uname=撒旦2, pwd=1233, sex=1, age=0, birth=], User [uid=8, uname=撒旦3, pwd=1233, sex=1, age=0, birth=], User [uid=9, uname=撒旦3, pwd=1233, sex=1, age=0, birth=], User [uid=10, uname=撒旦3, pwd=1233, sex=1, age=0, birth=], User [uid=11, uname=撒旦3, pwd=1233, sex=1, age=0, birth=], User [uid=12, uname=撒旦3, pwd=1233, sex=1, age=0, birth=], User [uid=13, uname=撒旦3, pwd=1233, sex=1, age=0, birth=], User [uid=14, uname=六六, pwd=666, sex=1, age=0, birth=]]
-DEBUG-2019/09/02 08:47:57,078-com.wendao.service.impl.UserServiceImpl.userShowService(UserServiceImpl.java:59)-59-显示所有用户信息：[User [uid=1, uname=张三, pwd=1, sex=1, age=19, birth=2000-10-10], User [uid=2, uname=李四, pwd=456, sex=0, age=19, birth=2000-10-10], User [uid=3, uname=王五, pwd=123, sex=1, age=0, birth=1999-02-01], User [uid=4, uname=王五, pwd=123, sex=1, age=0, birth=1999-02-01], User [uid=5, uname=哈哈, pwd=jkjkj, sex=1, age=1, birth=2019-08-29], User [uid=6, uname=撒旦2, pwd=1233, sex=1, age=0, birth=], User [uid=7, uname=撒旦2, pwd=1233, sex=1, age=0, birth=], User [uid=8, uname=撒旦3, pwd=1233, sex=1, age=0, birth=], User [uid=9, uname=撒旦3, pwd=1233, sex=1, age=0, birth=], User [uid=10, uname=撒旦3, pwd=1233, sex=1, age=0, birth=], User [uid=11, uname=撒旦3, pwd=1233, sex=1, age=0, birth=], User [uid=12, uname=撒旦3, pwd=1233, sex=1, age=0, birth=], User [uid=13, uname=撒旦3, pwd=1233, sex=1, age=0, birth=], User [uid=14, uname=六六, pwd=666, sex=1, age=0, birth=]]
-DEBUG-2019/09/02 08:48:12,137-com.wendao.service.impl.UserServiceImpl.userShowService(UserServiceImpl.java:59)-59-显示所有用户信息：[User [uid=1, uname=张三, pwd=1, sex=1, age=19, birth=2000-10-10], User [uid=2, uname=李四, pwd=456, sex=0, age=19, birth=2000-10-10], User [uid=3, uname=王五, pwd=123, sex=1, age=0, birth=1999-02-01], User [uid=4, uname=王五, pwd=123, sex=1, age=0, birth=1999-02-01], User [uid=5, uname=哈哈, pwd=jkjkj, sex=1, age=1, birth=2019-08-29], User [uid=6, uname=撒旦2, pwd=1233, sex=1, age=0, birth=], User [uid=7, uname=撒旦2, pwd=1233, sex=1, age=0, birth=], User [uid=8, uname=撒旦3, pwd=1233, sex=1, age=0, birth=], User [uid=9, uname=撒旦3, pwd=1233, sex=1, age=0, birth=], User [uid=10, uname=撒旦3, pwd=1233, sex=1, age=0, birth=], User [uid=11, uname=撒旦3, pwd=1233, sex=1, age=0, birth=], User [uid=12, uname=撒旦3, pwd=1233, sex=1, age=0, birth=], User [uid=13, uname=撒旦3, pwd=1233, sex=1, age=0, birth=], User [uid=14, uname=六六, pwd=666, sex=1, age=0, birth=]]
-DEBUG-2019/09/02 08:49:47,437-com.wendao.service.impl.UserServiceImpl.userShowService(UserServiceImpl.java:59)-59-显示所有用户信息：[User [uid=1, uname=张三, pwd=1, sex=1, age=19, birth=2000-10-10], User [uid=2, uname=李四, pwd=456, sex=0, age=19, birth=2000-10-10], User [uid=3, uname=王五, pwd=123, sex=1, age=0, birth=1999-02-01], User [uid=4, uname=王五, pwd=123, sex=1, age=0, birth=1999-02-01], User [uid=5, uname=哈哈, pwd=jkjkj, sex=1, age=1, birth=2019-08-29], User [uid=6, uname=撒旦2, pwd=1233, sex=1, age=0, birth=], User [uid=7, uname=撒旦2, pwd=1233, sex=1, age=0, birth=], User [uid=8, uname=撒旦3, pwd=1233, sex=1, age=0, birth=], User [uid=9, uname=撒旦3, pwd=1233, sex=1, age=0, birth=], User [uid=10, uname=撒旦3, pwd=1233, sex=1, age=0, birth=], User [uid=11, uname=撒旦3, pwd=1233, sex=1, age=0, birth=], User [uid=12, uname=撒旦3, pwd=1233, sex=1, age=0, birth=], User [uid=13, uname=撒旦3, pwd=1233, sex=1, age=0, birth=], User [uid=14, uname=六六, pwd=666, sex=1, age=0, birth=]]
-DEBUG-2019/09/02 08:50:33,820-com.wendao.service.impl.UserServiceImpl.userShowService(UserServiceImpl.java:59)-59-显示所有用户信息：[User [uid=1, uname=张三, pwd=1, sex=1, age=19, birth=2000-10-10], User [uid=2, uname=李四, pwd=456, sex=0, age=19, birth=2000-10-10], User [uid=3, uname=王五, pwd=123, sex=1, age=0, birth=1999-02-01], User [uid=4, uname=王五, pwd=123, sex=1, age=0, birth=1999-02-01], User [uid=5, uname=哈哈, pwd=jkjkj, sex=1, age=1, birth=2019-08-29], User [uid=6, uname=撒旦2, pwd=1233, sex=1, age=0, birth=], User [uid=7, uname=撒旦2, pwd=1233, sex=1, age=0, birth=], User [uid=8, uname=撒旦3, pwd=1233, sex=1, age=0, birth=], User [uid=9, uname=撒旦3, pwd=1233, sex=1, age=0, birth=], User [uid=10, uname=撒旦3, pwd=1233, sex=1, age=0, birth=], User [uid=11, uname=撒旦3, pwd=1233, sex=1, age=0, birth=], User [uid=12, uname=撒旦3, pwd=1233, sex=1, age=0, birth=], User [uid=13, uname=撒旦3, pwd=1233, sex=1, age=0, birth=], User [uid=14, uname=六六, pwd=666, sex=1, age=0, birth=]]
-DEBUG-2019/09/02 08:50:59,545-com.wendao.service.impl.UserServiceImpl.userShowService(UserServiceImpl.java:59)-59-显示所有用户信息：[User [uid=1, uname=张三, pwd=1, sex=1, age=19, birth=2000-10-10], User [uid=2, uname=李四, pwd=456, sex=0, age=19, birth=2000-10-10], User [uid=3, uname=王五, pwd=123, sex=1, age=0, birth=1999-02-01], User [uid=4, uname=王五, pwd=123, sex=1, age=0, birth=1999-02-01], User [uid=5, uname=哈哈, pwd=jkjkj, sex=1, age=1, birth=2019-08-29], User [uid=6, uname=撒旦2, pwd=1233, sex=1, age=0, birth=], User [uid=7, uname=撒旦2, pwd=1233, sex=1, age=0, birth=], User [uid=8, uname=撒旦3, pwd=1233, sex=1, age=0, birth=], User [uid=9, uname=撒旦3, pwd=1233, sex=1, age=0, birth=], User [uid=10, uname=撒旦3, pwd=1233, sex=1, age=0, birth=], User [uid=11, uname=撒旦3, pwd=1233, sex=1, age=0, birth=], User [uid=12, uname=撒旦3, pwd=1233, sex=1, age=0, birth=], User [uid=13, uname=撒旦3, pwd=1233, sex=1, age=0, birth=], User [uid=14, uname=六六, pwd=666, sex=1, age=0, birth=]]
-DEBUG-2019/09/02 08:51:32,743-com.wendao.service.impl.UserServiceImpl.userShowService(UserServiceImpl.java:59)-59-显示所有用户信息：[User [uid=1, uname=张三, pwd=1, sex=1, age=19, birth=2000-10-10], User [uid=2, uname=李四, pwd=456, sex=0, age=19, birth=2000-10-10], User [uid=3, uname=王五, pwd=123, sex=1, age=0, birth=1999-02-01], User [uid=4, uname=王五, pwd=123, sex=1, age=0, birth=1999-02-01], User [uid=5, uname=哈哈, pwd=jkjkj, sex=1, age=1, birth=2019-08-29], User [uid=6, uname=撒旦2, pwd=1233, sex=1, age=0, birth=], User [uid=7, uname=撒旦2, pwd=1233, sex=1, age=0, birth=], User [uid=8, uname=撒旦3, pwd=1233, sex=1, age=0, birth=], User [uid=9, uname=撒旦3, pwd=1233, sex=1, age=0, birth=], User [uid=10, uname=撒旦3, pwd=1233, sex=1, age=0, birth=], User [uid=11, uname=撒旦3, pwd=1233, sex=1, age=0, birth=], User [uid=12, uname=撒旦3, pwd=1233, sex=1, age=0, birth=], User [uid=13, uname=撒旦3, pwd=1233, sex=1, age=0, birth=], User [uid=14, uname=六六, pwd=666, sex=1, age=0, birth=]]
-DEBUG-2019/09/02 08:51:38,539-com.wendao.service.impl.UserServiceImpl.userShowService(UserServiceImpl.java:59)-59-显示所有用户信息：[User [uid=1, uname=张三, pwd=1, sex=1, age=19, birth=2000-10-10], User [uid=2, uname=李四, pwd=456, sex=0, age=19, birth=2000-10-10], User [uid=3, uname=王五, pwd=123, sex=1, age=0, birth=1999-02-01], User [uid=4, uname=王五, pwd=123, sex=1, age=0, birth=1999-02-01], User [uid=5, uname=哈哈, pwd=jkjkj, sex=1, age=1, birth=2019-08-29], User [uid=6, uname=撒旦2, pwd=1233, sex=1, age=0, birth=], User [uid=7, uname=撒旦2, pwd=1233, sex=1, age=0, birth=], User [uid=8, uname=撒旦3, pwd=1233, sex=1, age=0, birth=], User [uid=9, uname=撒旦3, pwd=1233, sex=1, age=0, birth=], User [uid=10, uname=撒旦3, pwd=1233, sex=1, age=0, birth=], User [uid=11, uname=撒旦3, pwd=1233, sex=1, age=0, birth=], User [uid=12, uname=撒旦3, pwd=1233, sex=1, age=0, birth=], User [uid=13, uname=撒旦3, pwd=1233, sex=1, age=0, birth=], User [uid=14, uname=六六, pwd=666, sex=1, age=0, birth=]]
-DEBUG-2019/09/02 08:52:56,639-com.wendao.service.impl.UserServiceImpl.userShowService(UserServiceImpl.java:59)-59-显示所有用户信息：[User [uid=1, uname=张三, pwd=1, sex=1, age=19, birth=2000-10-10], User [uid=2, uname=李四, pwd=456, sex=0, age=19, birth=2000-10-10], User [uid=3, uname=王五, pwd=123, sex=1, age=0, birth=1999-02-01], User [uid=4, uname=王五, pwd=123, sex=1, age=0, birth=1999-02-01], User [uid=5, uname=哈哈, pwd=jkjkj, sex=1, age=1, birth=2019-08-29], User [uid=6, uname=撒旦2, pwd=1233, sex=1, age=0, birth=], User [uid=7, uname=撒旦2, pwd=1233, sex=1, age=0, birth=], User [uid=8, uname=撒旦3, pwd=1233, sex=1, age=0, birth=], User [uid=9, uname=撒旦3, pwd=1233, sex=1, age=0, birth=], User [uid=10, uname=撒旦3, pwd=1233, sex=1, age=0, birth=], User [uid=11, uname=撒旦3, pwd=1233, sex=1, age=0, birth=], User [uid=12, uname=撒旦3, pwd=1233, sex=1, age=0, birth=], User [uid=13, uname=撒旦3, pwd=1233, sex=1, age=0, birth=], User [uid=14, uname=六六, pwd=666, sex=1, age=0, birth=]]
-DEBUG-2019/09/02 13:52:46,671-com.wendao.service.impl.UserServiceImpl.checkUserLoginService(UserServiceImpl.java:28)-28-张三发起登录请求
-DEBUG-2019/09/02 13:52:47,012-com.wendao.service.impl.UserServiceImpl.checkUserLoginService(UserServiceImpl.java:34)-34-张三登录失败
-DEBUG-2019/09/02 13:53:00,992-com.wendao.service.impl.UserServiceImpl.checkUserLoginService(UserServiceImpl.java:28)-28-张三发起登录请求
-DEBUG-2019/09/02 13:53:01,006-com.wendao.service.impl.UserServiceImpl.checkUserLoginService(UserServiceImpl.java:32)-32-张三登录成功
-DEBUG-2019/09/02 13:54:55,413-com.wendao.service.impl.UserServiceImpl.checkUserLoginService(UserServiceImpl.java:28)-28-张三发起登录请求
-DEBUG-2019/09/02 13:54:55,420-com.wendao.service.impl.UserServiceImpl.checkUserLoginService(UserServiceImpl.java:32)-32-张三登录成功
-DEBUG-2019/09/02 14:11:43,684-com.wendao.service.impl.UserServiceImpl.checkUserLoginService(UserServiceImpl.java:28)-28-张三发起登录请求
-DEBUG-2019/09/02 14:11:43,974-com.wendao.service.impl.UserServiceImpl.checkUserLoginService(UserServiceImpl.java:32)-32-张三登录成功
-DEBUG-2019/09/02 14:15:49,546-com.wendao.service.impl.UserServiceImpl.checkUserLoginService(UserServiceImpl.java:28)-28-李四发起登录请求
-DEBUG-2019/09/02 14:15:49,557-com.wendao.service.impl.UserServiceImpl.checkUserLoginService(UserServiceImpl.java:32)-32-李四登录成功
-DEBUG-2019/09/02 14:22:08,729-com.wendao.service.impl.UserServiceImpl.checkUserLoginService(UserServiceImpl.java:28)-28-张三发起登录请求
-DEBUG-2019/09/02 14:22:09,014-com.wendao.service.impl.UserServiceImpl.checkUserLoginService(UserServiceImpl.java:32)-32-张三登录成功
